Loaded 9 paraphrases

--- DOMAIN ATTENTION ---
vP_internal: [0.059151181330283485, 0.04856660610271825, 0.055964458319875926, 0.048764868535929255, 0.04998431106408437, 0.04956731965972318, 0.048043034970760345, 0.04934501047763559, 0.04850589773721165]
CP_internal: [0.20865064576268197, 0.15451545092380709, 0.041721742807163134, 0.154644431753291, 0.05282359797921446, 0.1779750555753708, 0.26897424625025856, 0.21371510112658143, 0.13277782116913134]
cross_vP_CP: [0.17576644817988077, 0.1452604296306769, 0.030268811517291598, 0.14543303505827984, 0.04188126791268587, 0.1580856052537759, 0.24856989147762457, 0.19264415729170045, 0.12487471372716957]
cross_CP_vP: [0.012684268007675806, 0.014238850730988715, 0.01716661246286498, 0.014556207176711824, 0.02138732083969646, 0.01699566865960757, 0.009752301706208123, 0.014760006840030352, 0.028319326229393482]

--- STABILITY ---
vP stability: 0.0036916717060672924
CP stability: 0.06959968756695648
Cross stability: 0.06507984732053719

--- DOMAIN SEPARATION ---
Scores: [-0.04186553463339804, -0.043719401117414236, 0.018574289046227932, -0.043728384913669704, 0.009522686608963549, -0.044314417636228925, -0.09006125086711511, -0.06111410148959193, -0.03423285427399808]
Mean separation: -0.03677099658624717

--- T-TEST ---
t = -1.2406962426525971
p = 0.22623551924698965

============================
 Job utilisation efficiency
============================

Job ID: 33543700
Cluster: viking2.yor.alces.network
User/Group: pmk525/clusterusers
State: COMPLETED (exit code 0)
Cores: 1
CPU Utilized: 00:00:04
CPU Efficiency: 50.00% of 00:00:08 core-walltime
Job Wall-clock time: 00:00:08
Memory Utilized: 3.60 MB
Memory Efficiency: 0.02% of 16.00 GB
 Requested wall clock time: 00:15:00
    Actual wall clock time: 00:00:08
Wall clock time efficiency: 0.9%
           Job queued time: 00:00:16
