Loaded 9 paraphrases

--- DOMAIN ATTENTION ---
vP_internal: [0.05990158849292331, 0.04286927729845047, 0.05596446328692966, 0.05919469975762897, 0.053877675698863134, 0.05707466105620066, 0.049978208210733205, 0.048505903118186526, 0.05475805989570088]
CP_internal: [0.2549875364638865, 0.4434128273278475, 0.06125721335411072, 0.3119479330877463, 0.29794711371262866, 0.3129255109363132, 0.29272183444764877, 0.2821706334749858, 0.2972928782304128]
cross_vP_CP: [0.22854607366025448, 0.3561029676347971, 0.045403218207259975, 0.27413863067825633, 0.27124861006935436, 0.2762586863504516, 0.24672061453262964, 0.2497494187619951, 0.27054740488529205]
cross_CP_vP: [0.016421740564207237, 0.005540446688731511, 0.0, 0.021385388241873846, 0.015355918142530654, 0.02040783026152187, 0.0167834535241127, 0.026383237085408635, 0.015154511564307742]

--- STABILITY ---
vP stability: 0.005210033300330426
CP stability: 0.09305717167500765
Cross stability: 0.07861715713293245

--- DOMAIN SEPARATION ---
Scores: [-0.07110151118184957, -0.11296191532164812, 0.013207620113260217, -0.08856731425556869, -0.09533621536360845, -0.09125860035419464, -0.07537059320343867, -0.08441115046540895, -0.09452193582223523]
Mean separation: -0.07781351287274357

--- T-TEST ---
t = -1.5616070245144302
p = 0.1309516859739941

============================
 Job utilisation efficiency
============================

Job ID: 33543699
Cluster: viking2.yor.alces.network
User/Group: pmk525/clusterusers
State: COMPLETED (exit code 0)
Cores: 1
CPU Utilized: 00:00:04
CPU Efficiency: 40.00% of 00:00:10 core-walltime
Job Wall-clock time: 00:00:10
Memory Utilized: 3.60 MB
Memory Efficiency: 0.02% of 16.00 GB
 Requested wall clock time: 00:15:00
    Actual wall clock time: 00:00:10
Wall clock time efficiency: 1.1%
           Job queued time: 00:00:04
