Loaded 9 paraphrases

--- DOMAIN ATTENTION ---
vP_internal: [0.04823689079946942, 0.04762206185195181, 0.05630571684903569, 0.049861949765019946, 0.04590232597870959, 0.05070561832851834, 0.046782117750909596, 0.037449824520283274, 0.048941137062178716]
CP_internal: [0.1485594546215402, 0.14863181631598207, 0.16745979080183637, 0.0569866763220893, 0.14078257651999593, 0.04370174784627226, 0.17759270519018172, 0.21621833369135857, 0.04775812476873398]
cross_vP_CP: [0.14271642598840925, 0.13605429138988256, 0.1315526697370741, 0.03929899901979499, 0.12880106104744804, 0.04554027629395326, 0.15195886281629403, 0.17663591355085373, 0.0363467118392388]
cross_CP_vP: [0.013834820439418158, 0.013391851240562068, 0.009749506496720843, 0.020662632253434923, 0.012602520433978902, 0.006318045159180959, 0.015847514445583025, 0.01505270041525364, 0.020008317505319912]

--- STABILITY ---
vP stability: 0.004690918154414545
CP stability: 0.05906354989747658
Cross stability: 0.05093180674571109

--- DOMAIN SEPARATION ---
Scores: [-0.04431825327790445, -0.037927352305915624, -0.01966991591163808, 0.014125314023759626, -0.035458609798095286, 0.0016634067934420335, -0.039771451345748374, -0.049801834445032805, 0.012002919076217547]
Mean separation: -0.022128419687879493

--- T-TEST ---
t = -0.9383829386834942
p = 0.35702586221231425

============================
 Job utilisation efficiency
============================

Job ID: 33543706
Cluster: viking2.yor.alces.network
User/Group: pmk525/clusterusers
State: COMPLETED (exit code 0)
Cores: 1
CPU Utilized: 00:00:04
CPU Efficiency: 44.44% of 00:00:09 core-walltime
Job Wall-clock time: 00:00:09
Memory Utilized: 3.59 MB
Memory Efficiency: 0.02% of 16.00 GB
 Requested wall clock time: 00:15:00
    Actual wall clock time: 00:00:09
Wall clock time efficiency: 1.0%
           Job queued time: 00:00:11
